<?xml version="1.0" encoding="UTF-8"?>
<!-- Generated by org.testng.reporters.JUnitReportReporter -->
<testsuite hostname="SLIDEQA2" failures="0" tests="6" name="testCases.NewlyProducts" time="102.563" errors="0" timestamp="2022-04-27T17:46:09 IST" skipped="0">
  <testcase classname="testCases.NewlyProducts" name="checkResolutionForNewlyProducts" time="16.874"/>
  <system-out/>
  <testcase classname="testCases.NewlyProducts" name="checkResolutionForNewlyProducts" time="17.142"/>
  <system-out/>
  <testcase classname="testCases.NewlyProducts" name="checkResolutionForNewlyProducts" time="16.766"/>
  <system-out/>
  <testcase classname="testCases.NewlyProducts" name="checkResolutionForNewlyProducts" time="16.624"/>
  <system-out/>
  <testcase classname="testCases.NewlyProducts" name="checkResolutionForNewlyProducts" time="16.848"/>
  <system-out/>
  <testcase classname="testCases.NewlyProducts" name="checkResolutionForNewlyProducts" time="18.309"/>
  <system-out/>
</testsuite> <!-- testCases.NewlyProducts -->
