<?xml version="1.0" encoding="UTF-8"?>
<!-- Generated by org.testng.reporters.JUnitReportReporter -->
<testsuite hostname="SLIDEQA2" failures="0" tests="8" name="testCases.A4Pages" time="110.266" errors="0" timestamp="2022-04-28T16:25:09 IST" skipped="0">
  <testcase classname="testCases.A4Pages" name="checkResolutionForA4Pages" time="17.865"/>
  <system-out/>
  <testcase classname="testCases.A4Pages" name="checkResolutionForA4Pages" time="14.120"/>
  <system-out/>
  <testcase classname="testCases.A4Pages" name="checkResolutionForA4Pages" time="13.028"/>
  <system-out/>
  <testcase classname="testCases.A4Pages" name="checkResolutionForA4Pages" time="10.998"/>
  <system-out/>
  <testcase classname="testCases.A4Pages" name="checkResolutionForA4Pages" time="11.749"/>
  <system-out/>
  <testcase classname="testCases.A4Pages" name="checkResolutionForA4Pages" time="11.987"/>
  <system-out/>
  <testcase classname="testCases.A4Pages" name="checkResolutionForA4Pages" time="18.236"/>
  <system-out/>
  <testcase classname="testCases.A4Pages" name="checkResolutionForA4Pages" time="12.283"/>
  <system-out/>
</testsuite> <!-- testCases.A4Pages -->
