<?xml version="1.0" encoding="UTF-8"?>
<!-- Generated by org.testng.reporters.JUnitReportReporter -->
<testsuite hostname="SLIDEQA2" failures="0" tests="1" name="testCases.SliPages" time="81.146" errors="0" timestamp="2022-04-27T18:41:29 IST" skipped="0">
  <testcase classname="testCases.SliPages" name="checkResolutionForSliPages" time="81.146"/>
  <system-out/>
</testsuite> <!-- testCases.SliPages -->
