<?xml version="1.0" encoding="UTF-8"?>
<!-- Generated by org.testng.reporters.JUnitReportReporter -->
<testsuite hostname="SLIDEQA2" failures="0" tests="6" name="testCases.PopularPPts" time="131.509" errors="0" timestamp="2022-04-27T17:01:07 IST" skipped="0">
  <testcase classname="testCases.PopularPPts" name="checkResolutionForpopularPPts" time="21.459"/>
  <system-out/>
  <testcase classname="testCases.PopularPPts" name="checkResolutionForpopularPPts" time="18.558"/>
  <system-out/>
  <testcase classname="testCases.PopularPPts" name="checkResolutionForpopularPPts" time="24.714"/>
  <system-out/>
  <testcase classname="testCases.PopularPPts" name="checkResolutionForpopularPPts" time="23.433"/>
  <system-out/>
  <testcase classname="testCases.PopularPPts" name="checkResolutionForpopularPPts" time="23.770"/>
  <system-out/>
  <testcase classname="testCases.PopularPPts" name="checkResolutionForpopularPPts" time="19.575"/>
  <system-out/>
</testsuite> <!-- testCases.PopularPPts -->
