<?xml version="1.0" encoding="UTF-8"?>
<!-- Generated by org.testng.reporters.JUnitReportReporter -->
<testsuite hostname="SLIDEQA2" failures="0" tests="8" name="testCases.A4Pages" time="165.526" errors="0" timestamp="2022-04-21T14:02:38 IST" skipped="0">
  <testcase classname="testCases.A4Pages" name="checkResolutionForA4Pages" time="20.757"/>
  <system-out/>
  <testcase classname="testCases.A4Pages" name="checkResolutionForA4Pages" time="21.645"/>
  <system-out/>
  <testcase classname="testCases.A4Pages" name="checkResolutionForA4Pages" time="20.101"/>
  <system-out/>
  <testcase classname="testCases.A4Pages" name="checkResolutionForA4Pages" time="20.796"/>
  <system-out/>
  <testcase classname="testCases.A4Pages" name="checkResolutionForA4Pages" time="21.104"/>
  <system-out/>
  <testcase classname="testCases.A4Pages" name="checkResolutionForA4Pages" time="20.665"/>
  <system-out/>
  <testcase classname="testCases.A4Pages" name="checkResolutionForA4Pages" time="20.570"/>
  <system-out/>
  <testcase classname="testCases.A4Pages" name="checkResolutionForA4Pages" time="19.888"/>
  <system-out/>
</testsuite> <!-- testCases.A4Pages -->
