<?xml version="1.0" encoding="UTF-8"?>
<!-- Generated by org.testng.reporters.JUnitReportReporter -->
<testsuite hostname="SLIDEQA2" failures="0" tests="1" name="testCases.SliPages" time="48.644" errors="0" timestamp="2022-04-28T15:56:42 IST" skipped="0">
  <testcase classname="testCases.SliPages" name="checkResolutionForSliPages" time="48.644"/>
  <system-out/>
</testsuite> <!-- testCases.SliPages -->
