<?xml version="1.0" encoding="UTF-8"?>
<!-- Generated by org.testng.reporters.JUnitReportReporter -->
<testsuite hostname="SLIDEQA2" failures="0" tests="8" name="testCases.WidgetsPages" time="101.305" errors="0" timestamp="2022-04-21T15:34:05 IST" skipped="0">
  <testcase classname="testCases.WidgetsPages" name="checkResolutionForWidgets" time="12.368"/>
  <system-out/>
  <testcase classname="testCases.WidgetsPages" name="checkResolutionForWidgets" time="12.317"/>
  <system-out/>
  <testcase classname="testCases.WidgetsPages" name="checkResolutionForWidgets" time="12.399"/>
  <system-out/>
  <testcase classname="testCases.WidgetsPages" name="checkResolutionForWidgets" time="13.678"/>
  <system-out/>
  <testcase classname="testCases.WidgetsPages" name="checkResolutionForWidgets" time="12.634"/>
  <system-out/>
  <testcase classname="testCases.WidgetsPages" name="checkResolutionForWidgets" time="12.206"/>
  <system-out/>
  <testcase classname="testCases.WidgetsPages" name="checkResolutionForWidgets" time="13.536"/>
  <system-out/>
  <testcase classname="testCases.WidgetsPages" name="checkResolutionForWidgets" time="12.167"/>
  <system-out/>
</testsuite> <!-- testCases.WidgetsPages -->
